<?xml version="1.0" encoding="UTF-8"?>
<!-- Generated by org.testng.reporters.JUnitReportReporter -->
<testsuite skipped="0" hostname="KHIMA" name="com.prokarma.selenium.test.QueryTest" tests="1" failures="0" timestamp="21 Aug 2018 10:52:13 GMT" time="15.419" errors="0">
  <testcase name="queryTest" time="15.419" classname="com.prokarma.selenium.test.QueryTest"/>
</testsuite> <!-- com.prokarma.selenium.test.QueryTest -->
