<?xml version="1.0" encoding="UTF-8"?>
<!-- Generated by org.testng.reporters.JUnitReportReporter -->
<testsuite skipped="0" hostname="KHIMA" name="com.prokarma.selenium.test.PostYourQueryTest" tests="1" failures="0" timestamp="21 Aug 2018 11:36:47 GMT" time="19.294" errors="0">
  <testcase name="postYourQueryTest" time="19.294" classname="com.prokarma.selenium.test.PostYourQueryTest"/>
</testsuite> <!-- com.prokarma.selenium.test.PostYourQueryTest -->
